<?xml version="1.0" encoding="UTF-8"?>
<!-- Generated by org.testng.reporters.JUnitXMLReporter -->
<testsuite hostname="Surya_Machine" name="Test" tests="4" failures="1" timestamp="28 Apr 2020 09:17:08 GMT" time="77.851" errors="0">
  <testcase name="verifyLogo" time="2.136" classname="com.qa.testscripts.HomePageTest"/>
  <testcase name="verifyHomePageTest" time="0.021" classname="com.qa.testscripts.HomePageTest"/>
  <testcase name="verifyContactslinkTest" time="2.17" classname="com.qa.testscripts.HomePageTest">
    <failure type="java.lang.AssertionError" message="null">
      <![CDATA[java.lang.AssertionError: null
	at com.qa.testscripts.HomePageTest.verifyContactslinkTest(HomePageTest.java:62)
... Removed 27 stack frames]]>
    </failure>
  </testcase> <!-- verifyContactslinkTest -->
  <testcase name="verifyCalendarTest" time="2.43" classname="com.qa.testscripts.HomePageTest"/>
</testsuite> <!-- Test -->
