<?xml version="1.0" encoding="UTF-8"?>
<testng-results skipped="0" failed="1" total="4" passed="3">
  <reporter-output>
    <line>
      <![CDATA[Logo is verified]]>
    </line>
    <line>
      <![CDATA[home page is verified]]>
    </line>
    <line>
      <![CDATA[Contacts Page link is working fine ]]>
    </line>
    <line>
      <![CDATA[Calendar Page link is working fine ]]>
    </line>
  </reporter-output>
  <suite name="Default suite" duration-ms="60153" started-at="2020-05-27T14:05:40Z" finished-at="2020-05-27T14:06:40Z">
    <groups>
    </groups>
    <test name="Default test" duration-ms="60153" started-at="2020-05-27T14:05:40Z" finished-at="2020-05-27T14:06:40Z">
      <class name="com.qa.testscripts.HomePageTest">
        <test-method status="PASS" signature="setup()[pri:0, instance:com.qa.testscripts.HomePageTest@91161c7]" name="setup" is-config="true" duration-ms="12329" started-at="2020-05-27T19:35:40Z" finished-at="2020-05-27T19:35:53Z">
          <reporter-output>
          </reporter-output>
        </test-method> <!-- setup -->
        <test-method status="PASS" signature="verifyLogo()[pri:0, instance:com.qa.testscripts.HomePageTest@91161c7]" name="verifyLogo" duration-ms="1961" started-at="2020-05-27T19:35:53Z" finished-at="2020-05-27T19:35:55Z">
          <reporter-output>
            <line>
              <![CDATA[Logo is verified]]>
            </line>
          </reporter-output>
        </test-method> <!-- verifyLogo -->
        <test-method status="PASS" signature="tearDown(org.testng.ITestResult)[pri:0, instance:com.qa.testscripts.HomePageTest@91161c7]" name="tearDown" is-config="true" duration-ms="293" started-at="2020-05-27T19:35:55Z" finished-at="2020-05-27T19:35:55Z">
          <params>
            <param index="0">
              <value>
                <![CDATA[[TestResult name=verifyLogo status=SUCCESS method=HomePageTest.verifyLogo()[pri:0, instance:com.qa.testscripts.HomePageTest@91161c7] output=Logo is verified]]]>
              </value>
            </param>
          </params>
          <reporter-output>
          </reporter-output>
        </test-method> <!-- tearDown -->
        <test-method status="PASS" signature="setup()[pri:0, instance:com.qa.testscripts.HomePageTest@91161c7]" name="setup" is-config="true" duration-ms="12965" started-at="2020-05-27T19:35:55Z" finished-at="2020-05-27T19:36:08Z">
          <reporter-output>
          </reporter-output>
        </test-method> <!-- setup -->
        <test-method status="PASS" signature="verifyHomePageTest()[pri:1, instance:com.qa.testscripts.HomePageTest@91161c7]" name="verifyHomePageTest" duration-ms="5" started-at="2020-05-27T19:36:08Z" finished-at="2020-05-27T19:36:08Z">
          <reporter-output>
            <line>
              <![CDATA[home page is verified]]>
            </line>
          </reporter-output>
        </test-method> <!-- verifyHomePageTest -->
        <test-method status="PASS" signature="tearDown(org.testng.ITestResult)[pri:0, instance:com.qa.testscripts.HomePageTest@91161c7]" name="tearDown" is-config="true" duration-ms="68" started-at="2020-05-27T19:36:08Z" finished-at="2020-05-27T19:36:08Z">
          <params>
            <param index="0">
              <value>
                <![CDATA[[TestResult name=verifyHomePageTest status=SUCCESS method=HomePageTest.verifyHomePageTest()[pri:1, instance:com.qa.testscripts.HomePageTest@91161c7] output=home page is verified]]]>
              </value>
            </param>
          </params>
          <reporter-output>
          </reporter-output>
        </test-method> <!-- tearDown -->
        <test-method status="PASS" signature="setup()[pri:0, instance:com.qa.testscripts.HomePageTest@91161c7]" name="setup" is-config="true" duration-ms="13541" started-at="2020-05-27T19:36:08Z" finished-at="2020-05-27T19:36:21Z">
          <reporter-output>
          </reporter-output>
        </test-method> <!-- setup -->
        <test-method status="FAIL" signature="verifyContactslinkTest()[pri:2, instance:com.qa.testscripts.HomePageTest@91161c7]" name="verifyContactslinkTest" duration-ms="2583" started-at="2020-05-27T19:36:21Z" finished-at="2020-05-27T19:36:24Z">
          <exception class="java.lang.AssertionError">
            <message>
              <![CDATA[null]]>
            </message>
            <full-stacktrace>
              <![CDATA[java.lang.AssertionError: null
	at org.testng.Assert.fail(Assert.java:94)
	at org.testng.Assert.fail(Assert.java:101)
	at com.qa.testscripts.HomePageTest.verifyContactslinkTest(HomePageTest.java:62)
	at sun.reflect.NativeMethodAccessorImpl.invoke0(Native Method)
	at sun.reflect.NativeMethodAccessorImpl.invoke(Unknown Source)
	at sun.reflect.DelegatingMethodAccessorImpl.invoke(Unknown Source)
	at java.lang.reflect.Method.invoke(Unknown Source)
	at org.testng.internal.MethodInvocationHelper.invokeMethod(MethodInvocationHelper.java:100)
	at org.testng.internal.Invoker.invokeMethod(Invoker.java:646)
	at org.testng.internal.Invoker.invokeTestMethod(Invoker.java:811)
	at org.testng.internal.Invoker.invokeTestMethods(Invoker.java:1129)
	at org.testng.internal.TestMethodWorker.invokeTestMethods(TestMethodWorker.java:129)
	at org.testng.internal.TestMethodWorker.run(TestMethodWorker.java:112)
	at org.testng.TestRunner.privateRun(TestRunner.java:746)
	at org.testng.TestRunner.run(TestRunner.java:600)
	at org.testng.SuiteRunner.runTest(SuiteRunner.java:366)
	at org.testng.SuiteRunner.runSequentially(SuiteRunner.java:361)
	at org.testng.SuiteRunner.privateRun(SuiteRunner.java:319)
	at org.testng.SuiteRunner.run(SuiteRunner.java:268)
	at org.testng.SuiteRunnerWorker.runSuite(SuiteRunnerWorker.java:52)
	at org.testng.SuiteRunnerWorker.run(SuiteRunnerWorker.java:86)
	at org.testng.TestNG.runSuitesSequentially(TestNG.java:1264)
	at org.testng.TestNG.runSuitesLocally(TestNG.java:1189)
	at org.testng.TestNG.runSuites(TestNG.java:1104)
	at org.testng.TestNG.run(TestNG.java:1076)
	at org.testng.remote.AbstractRemoteTestNG.run(AbstractRemoteTestNG.java:126)
	at org.testng.remote.RemoteTestNG.initAndRun(RemoteTestNG.java:152)
	at org.testng.remote.RemoteTestNG.main(RemoteTestNG.java:57)
]]>
            </full-stacktrace>
          </exception> <!-- java.lang.AssertionError -->
          <reporter-output>
            <line>
              <![CDATA[Contacts Page link is working fine ]]>
            </line>
          </reporter-output>
        </test-method> <!-- verifyContactslinkTest -->
        <test-method status="PASS" signature="tearDown(org.testng.ITestResult)[pri:0, instance:com.qa.testscripts.HomePageTest@91161c7]" name="tearDown" is-config="true" duration-ms="758" started-at="2020-05-27T19:36:24Z" finished-at="2020-05-27T19:36:25Z">
          <params>
            <param index="0">
              <value>
                <![CDATA[[TestResult name=verifyContactslinkTest status=FAILURE method=HomePageTest.verifyContactslinkTest()[pri:2, instance:com.qa.testscripts.HomePageTest@91161c7] output=Contacts Page link is working fine ]]]>
              </value>
            </param>
          </params>
          <reporter-output>
          </reporter-output>
        </test-method> <!-- tearDown -->
        <test-method status="PASS" signature="setup()[pri:0, instance:com.qa.testscripts.HomePageTest@91161c7]" name="setup" is-config="true" duration-ms="13641" started-at="2020-05-27T19:36:25Z" finished-at="2020-05-27T19:36:38Z">
          <reporter-output>
          </reporter-output>
        </test-method> <!-- setup -->
        <test-method status="PASS" signature="verifyCalendarTest()[pri:3, instance:com.qa.testscripts.HomePageTest@91161c7]" name="verifyCalendarTest" duration-ms="1846" started-at="2020-05-27T19:36:38Z" finished-at="2020-05-27T19:36:40Z">
          <reporter-output>
            <line>
              <![CDATA[Calendar Page link is working fine ]]>
            </line>
          </reporter-output>
        </test-method> <!-- verifyCalendarTest -->
        <test-method status="PASS" signature="tearDown(org.testng.ITestResult)[pri:0, instance:com.qa.testscripts.HomePageTest@91161c7]" name="tearDown" is-config="true" duration-ms="94" started-at="2020-05-27T19:36:40Z" finished-at="2020-05-27T19:36:40Z">
          <params>
            <param index="0">
              <value>
                <![CDATA[[TestResult name=verifyCalendarTest status=SUCCESS method=HomePageTest.verifyCalendarTest()[pri:3, instance:com.qa.testscripts.HomePageTest@91161c7] output=Calendar Page link is working fine ]]]>
              </value>
            </param>
          </params>
          <reporter-output>
          </reporter-output>
        </test-method> <!-- tearDown -->
      </class> <!-- com.qa.testscripts.HomePageTest -->
    </test> <!-- Default test -->
  </suite> <!-- Default suite -->
</testng-results>
